<?xml version="1.0" encoding="UTF-8"?>
<!-- Generated by org.testng.reporters.JUnitXMLReporter -->
<testsuite ignored="0" hostname="LAPTOP-IOFBFF8P" failures="1" tests="1" name="Test" time="37.769" errors="0" timestamp="25 Mar 2021 07:00:56 GMT">
  <testcase classname="seleniumDemo.TestNG_Parameter" name="AlertMethodTestExample" time="20.009">
    <failure type="org.testng.internal.thread.ThreadTimeoutException" message="Method seleniumDemo.TestNG_Parameter.AlertMethodTestExample() didn&amp;apos;t finish within the time-out 20000">
      <![CDATA[org.testng.internal.thread.ThreadTimeoutException: Method seleniumDemo.TestNG_Parameter.AlertMethodTestExample() didn't finish within the time-out 20000
at app//org.openqa.selenium.WebDriverException.createMessage(WebDriverException.java:138)
at app//org.openqa.selenium.WebDriverException.getMessage(WebDriverException.java:131)
at java.base@15.0.2/java.lang.Throwable.getLocalizedMessage(Throwable.java:398)
at java.base@15.0.2/java.lang.Throwable.toString(Throwable.java:497)
at java.base@15.0.2/java.lang.Throwable.<init>(Throwable.java:318)
at java.base@15.0.2/java.lang.Exception.<init>(Exception.java:103)
at java.base@15.0.2/java.lang.RuntimeException.<init>(RuntimeException.java:97)
at java.base@15.0.2/java.util.concurrent.Executors$RunnableAdapter.call(Executors.java:515)
at java.base@15.0.2/java.util.concurrent.FutureTask.run(FutureTask.java:264)
at java.base@15.0.2/java.util.concurrent.ThreadPoolExecutor.runWorker(ThreadPoolExecutor.java:1130)
at java.base@15.0.2/java.util.concurrent.ThreadPoolExecutor$Worker.run(ThreadPoolExecutor.java:630)
at java.base@15.0.2/java.lang.Thread.run(Thread.java:832)
... Removed 3 stack frames]]>
    </failure>
  </testcase> <!-- AlertMethodTestExample -->
</testsuite> <!-- Test -->
