<?xml version="1.0" encoding="UTF-8"?>
<!-- Generated by org.testng.reporters.JUnitReportReporter -->
<testsuite hostname="LAPTOP-IOFBFF8P" failures="0" tests="1" name="seleniumDemo.TestNG_Parameter" time="37.746" errors="1" timestamp="25 Mar 2021 07:00:56 GMT" skipped="0">
  <testcase classname="seleniumDemo.TestNG_Parameter" name="AlertMethodTestExample" time="37.746">
    <error message="Method seleniumDemo.TestNG_Parameter.AlertMethodTestExample() didn&#039;t finish within the time-out 20000" type="org.testng.internal.thread.ThreadTimeoutException">
      <![CDATA[org.testng.internal.thread.ThreadTimeoutException: Method seleniumDemo.TestNG_Parameter.AlertMethodTestExample() didn't finish within the time-out 20000
at app//org.openqa.selenium.WebDriverException.createMessage(WebDriverException.java:138)
at app//org.openqa.selenium.WebDriverException.getMessage(WebDriverException.java:131)
at java.base@15.0.2/java.lang.Throwable.getLocalizedMessage(Throwable.java:398)
at java.base@15.0.2/java.lang.Throwable.toString(Throwable.java:497)
at java.base@15.0.2/java.lang.Throwable.<init>(Throwable.java:318)
at java.base@15.0.2/java.lang.Exception.<init>(Exception.java:103)
at java.base@15.0.2/java.lang.RuntimeException.<init>(RuntimeException.java:97)
at app//org.testng.internal.InvokeMethodRunnable$TestNGRuntimeException.<init>(InvokeMethodRunnable.java:78)
at app//org.testng.internal.InvokeMethodRunnable.runOne(InvokeMethodRunnable.java:61)
at app//org.testng.internal.InvokeMethodRunnable.run(InvokeMethodRunnable.java:40)
at java.base@15.0.2/java.util.concurrent.Executors$RunnableAdapter.call(Executors.java:515)
at java.base@15.0.2/java.util.concurrent.FutureTask.run(FutureTask.java:264)
at java.base@15.0.2/java.util.concurrent.ThreadPoolExecutor.runWorker(ThreadPoolExecutor.java:1130)
at java.base@15.0.2/java.util.concurrent.ThreadPoolExecutor$Worker.run(ThreadPoolExecutor.java:630)
at java.base@15.0.2/java.lang.Thread.run(Thread.java:832)
]]>
    </error>
  </testcase> <!-- AlertMethodTestExample -->
</testsuite> <!-- seleniumDemo.TestNG_Parameter -->
